TN:
SF:src/simple-server.ts
FN:16,(anonymous_1)
FN:26,(anonymous_2)
FN:59,(anonymous_3)
FN:83,(anonymous_4)
FN:112,(anonymous_5)
FN:143,(anonymous_6)
FN:156,(anonymous_7)
FN:170,(anonymous_8)
FN:198,(anonymous_9)
FN:207,(anonymous_10)
FN:215,(anonymous_11)
FNF:11
FNH:0
FNDA:0,(anonymous_1)
FNDA:0,(anonymous_2)
FNDA:0,(anonymous_3)
FNDA:0,(anonymous_4)
FNDA:0,(anonymous_5)
FNDA:0,(anonymous_6)
FNDA:0,(anonymous_7)
FNDA:0,(anonymous_8)
FNDA:0,(anonymous_9)
FNDA:0,(anonymous_10)
FNDA:0,(anonymous_11)
DA:1,0
DA:2,0
DA:3,0
DA:6,0
DA:8,0
DA:9,0
DA:12,0
DA:13,0
DA:16,0
DA:17,0
DA:26,0
DA:27,0
DA:29,0
DA:30,0
DA:37,0
DA:38,0
DA:41,0
DA:42,0
DA:43,0
DA:45,0
DA:59,0
DA:60,0
DA:62,0
DA:63,0
DA:70,0
DA:72,0
DA:83,0
DA:84,0
DA:86,0
DA:87,0
DA:93,0
DA:95,0
DA:96,0
DA:97,0
DA:99,0
DA:112,0
DA:113,0
DA:115,0
DA:116,0
DA:122,0
DA:123,0
DA:125,0
DA:126,0
DA:127,0
DA:128,0
DA:130,0
DA:143,0
DA:144,0
DA:145,0
DA:146,0
DA:148,0
DA:149,0
DA:152,0
DA:156,0
DA:157,0
DA:170,0
DA:171,0
DA:198,0
DA:199,0
DA:200,0
DA:207,0
DA:208,0
DA:215,0
DA:216,0
DA:217,0
DA:218,0
DA:219,0
DA:220,0
DA:221,0
DA:222,0
DA:223,0
DA:224,0
DA:225,0
DA:226,0
DA:227,0
DA:228,0
DA:229,0
DA:230,0
LF:78
LH:0
BRDA:9,0,0,0
BRDA:9,0,1,0
BRDA:27,1,0,0
BRDA:27,2,0,0
BRDA:29,3,0,0
BRDA:29,4,0,0
BRDA:29,4,1,0
BRDA:62,5,0,0
BRDA:62,6,0,0
BRDA:62,6,1,0
BRDA:70,7,0,0
BRDA:70,7,1,0
BRDA:74,8,0,0
BRDA:74,8,1,0
BRDA:75,9,0,0
BRDA:75,9,1,0
BRDA:86,10,0,0
BRDA:86,11,0,0
BRDA:86,11,1,0
BRDA:96,12,0,0
BRDA:96,12,1,0
BRDA:97,13,0,0
BRDA:97,13,1,0
BRDA:115,14,0,0
BRDA:115,15,0,0
BRDA:115,15,1,0
BRDA:115,15,2,0
BRDA:115,15,3,0
BRDA:123,16,0,0
BRDA:123,16,1,0
BRF:30
BRH:0
end_of_record
TN:
SF:src/middleware/errorHandler.ts
FN:11,(anonymous_0)
FN:62,(anonymous_1)
FN:69,(anonymous_2)
FN:70,(anonymous_3)
FNF:4
FNH:0
FNDA:0,(anonymous_0)
FNDA:0,(anonymous_1)
FNDA:0,(anonymous_2)
FNDA:0,(anonymous_3)
DA:2,0
DA:4,0
DA:11,0
DA:17,0
DA:20,0
DA:30,0
DA:31,0
DA:32,0
DA:33,0
DA:34,0
DA:35,0
DA:36,0
DA:37,0
DA:38,0
DA:39,0
DA:40,0
DA:41,0
DA:42,0
DA:43,0
DA:44,0
DA:45,0
DA:46,0
DA:47,0
DA:51,0
DA:52,0
DA:55,0
DA:62,0
DA:63,0
DA:64,0
DA:65,0
DA:66,0
DA:69,0
DA:70,0
DA:71,0
LF:34
LH:0
BRDA:17,0,0,0
BRDA:30,1,0,0
BRDA:30,1,1,0
BRDA:33,2,0,0
BRDA:33,2,1,0
BRDA:36,3,0,0
BRDA:36,3,1,0
BRDA:39,4,0,0
BRDA:39,4,1,0
BRDA:42,5,0,0
BRDA:42,5,1,0
BRDA:45,6,0,0
BRDA:51,7,0,0
BRDA:51,8,0,0
BRDA:51,8,1,0
BRDA:58,9,0,0
BRDA:58,9,1,0
BRDA:62,10,0,0
BRF:18
BRH:0
end_of_record
TN:
SF:src/middleware/securityHeaders.ts
FN:3,(anonymous_0)
FNF:1
FNH:0
FNDA:0,(anonymous_0)
DA:3,0
DA:5,0
DA:8,0
DA:11,0
DA:14,0
DA:15,0
DA:19,0
DA:22,0
DA:35,0
DA:40,0
DA:42,0
LF:11
LH:0
BRDA:14,0,0,0
BRDA:14,1,0,0
BRDA:14,1,1,0
BRF:3
BRH:0
end_of_record
TN:
SF:src/routes/auth.ts
FN:45,(anonymous_1)
FN:52,(anonymous_2)
FN:164,(anonymous_3)
FN:171,(anonymous_4)
FN:223,(anonymous_5)
FN:230,(anonymous_6)
FN:307,(anonymous_7)
FN:314,(anonymous_8)
FN:394,(anonymous_9)
FN:425,(anonymous_10)
FNF:10
FNH:0
FNDA:0,(anonymous_1)
FNDA:0,(anonymous_2)
FNDA:0,(anonymous_3)
FNDA:0,(anonymous_4)
FNDA:0,(anonymous_5)
FNDA:0,(anonymous_6)
FNDA:0,(anonymous_7)
FNDA:0,(anonymous_8)
FNDA:0,(anonymous_9)
FNDA:0,(anonymous_10)
DA:1,0
DA:2,0
DA:3,0
DA:4,0
DA:5,0
DA:7,0
DA:8,0
DA:10,0
DA:11,0
DA:12,0
DA:15,0
DA:22,0
DA:27,0
DA:34,0
DA:45,0
DA:46,0
DA:47,0
DA:48,0
DA:49,0
DA:52,0
DA:56,0
DA:59,0
DA:63,0
DA:64,0
DA:71,0
DA:72,0
DA:81,0
DA:82,0
DA:97,0
DA:106,0
DA:107,0
DA:115,0
DA:116,0
DA:125,0
DA:141,0
DA:153,0
DA:154,0
DA:164,0
DA:165,0
DA:166,0
DA:167,0
DA:168,0
DA:171,0
DA:175,0
DA:178,0
DA:179,0
DA:187,0
DA:202,0
DA:212,0
DA:213,0
DA:223,0
DA:224,0
DA:225,0
DA:226,0
DA:227,0
DA:230,0
DA:234,0
DA:237,0
DA:241,0
DA:242,0
DA:249,0
DA:250,0
DA:259,0
DA:260,0
DA:268,0
DA:284,0
DA:296,0
DA:297,0
DA:307,0
DA:308,0
DA:309,0
DA:310,0
DA:311,0
DA:314,0
DA:318,0
DA:321,0
DA:325,0
DA:326,0
DA:333,0
DA:334,0
DA:345,0
DA:346,0
DA:355,0
DA:371,0
DA:383,0
DA:384,0
DA:394,0
DA:395,0
DA:396,0
DA:398,0
DA:399,0
DA:405,0
DA:406,0
DA:408,0
DA:414,0
DA:415,0
DA:425,0
DA:426,0
DA:427,0
DA:429,0
DA:430,0
DA:432,0
DA:433,0
DA:439,0
DA:453,0
DA:454,0
DA:461,0
LF:107
LH:0
BRDA:48,0,0,0
BRDA:63,1,0,0
BRDA:81,2,0,0
BRDA:167,3,0,0
BRDA:189,4,0,0
BRDA:189,4,1,0
BRDA:192,5,0,0
BRDA:192,5,1,0
BRDA:198,6,0,0
BRDA:198,6,1,0
BRDA:205,7,0,0
BRDA:205,7,1,0
BRDA:226,8,0,0
BRDA:241,9,0,0
BRDA:310,10,0,0
BRDA:325,11,0,0
BRDA:334,12,0,0
BRDA:334,12,1,0
BRDA:398,13,0,0
BRDA:398,14,0,0
BRDA:398,14,1,0
BRDA:432,15,0,0
BRF:22
BRH:0
end_of_record
TN:
SF:src/routes/webhooks.ts
FN:18,(anonymous_1)
FN:68,handleCallInitiated
FN:90,handleCallAnswered
FN:130,handleOTPDelivery
FN:168,handleDTMFVerification
FN:196,handlePushAuth
FN:231,handleCallHangup
FN:254,handleDTMFReceived
FN:287,(anonymous_9)
FN:299,handleSpeakEnded
FN:308,(anonymous_11)
FN:320,handleGatherEnded
FN:349,(anonymous_13)
FNF:13
FNH:0
FNDA:0,(anonymous_1)
FNDA:0,handleCallInitiated
FNDA:0,handleCallAnswered
FNDA:0,handleOTPDelivery
FNDA:0,handleDTMFVerification
FNDA:0,handlePushAuth
FNDA:0,handleCallHangup
FNDA:0,handleDTMFReceived
FNDA:0,(anonymous_9)
FNDA:0,handleSpeakEnded
FNDA:0,(anonymous_11)
FNDA:0,handleGatherEnded
FNDA:0,(anonymous_13)
DA:1,0
DA:2,0
DA:3,0
DA:4,0
DA:5,0
DA:6,0
DA:8,0
DA:9,0
DA:10,0
DA:11,0
DA:12,0
DA:13,0
DA:18,0
DA:19,0
DA:20,0
DA:21,0
DA:22,0
DA:24,0
DA:29,0
DA:31,0
DA:32,0
DA:35,0
DA:36,0
DA:39,0
DA:40,0
DA:43,0
DA:44,0
DA:47,0
DA:48,0
DA:51,0
DA:52,0
DA:55,0
DA:58,0
DA:60,0
DA:61,0
DA:69,0
DA:70,0
DA:71,0
DA:72,0
DA:74,0
DA:81,0
DA:83,0
DA:91,0
DA:92,0
DA:94,0
DA:97,0
DA:99,0
DA:100,0
DA:101,0
DA:102,0
DA:106,0
DA:108,0
DA:109,0
DA:112,0
DA:113,0
DA:116,0
DA:117,0
DA:120,0
DA:123,0
DA:131,0
DA:133,0
DA:135,0
DA:136,0
DA:137,0
DA:141,0
DA:142,0
DA:146,0
DA:148,0
DA:154,0
DA:156,0
DA:161,0
DA:169,0
DA:171,0
DA:177,0
DA:184,0
DA:189,0
DA:197,0
DA:198,0
DA:199,0
DA:202,0
DA:204,0
DA:210,0
DA:217,0
DA:224,0
DA:232,0
DA:233,0
DA:234,0
DA:236,0
DA:242,0
DA:243,0
DA:244,0
DA:247,0
DA:255,0
DA:256,0
DA:257,0
DA:259,0
DA:265,0
DA:266,0
DA:267,0
DA:268,0
DA:272,0
DA:274,0
DA:275,0
DA:280,0
DA:287,0
DA:288,0
DA:292,0
DA:300,0
DA:301,0
DA:303,0
DA:306,0
DA:307,0
DA:308,0
DA:309,0
DA:313,0
DA:321,0
DA:322,0
DA:323,0
DA:325,0
DA:331,0
DA:332,0
DA:333,0
DA:334,0
DA:338,0
DA:339,0
DA:342,0
DA:349,0
DA:350,0
DA:354,0
DA:358,0
LF:130
LH:0
BRDA:29,0,0,0
BRDA:29,0,1,0
BRDA:29,0,2,0
BRDA:29,0,3,0
BRDA:29,0,4,0
BRDA:29,0,5,0
BRDA:29,0,6,0
BRDA:99,1,0,0
BRDA:106,2,0,0
BRDA:106,2,1,0
BRDA:106,2,2,0
BRDA:106,2,3,0
BRDA:135,3,0,0
BRDA:198,4,0,0
BRDA:198,4,1,0
BRDA:199,5,0,0
BRDA:199,5,1,0
BRDA:243,6,0,0
BRDA:266,7,0,0
BRDA:274,8,0,0
BRDA:274,8,1,0
BRDA:307,9,0,0
BRDA:307,10,0,0
BRDA:307,10,1,0
BRDA:332,11,0,0
BRDA:338,12,0,0
BRDA:338,12,1,0
BRF:27
BRH:0
end_of_record
TN:
SF:src/services/LoggerService.ts
FN:7,(anonymous_1)
FNF:1
FNH:0
FNDA:0,(anonymous_1)
DA:1,0
DA:2,0
DA:4,0
DA:8,0
DA:9,0
DA:46,0
DA:47,0
DA:48,0
DA:49,0
DA:53,0
LF:10
LH:0
BRDA:8,0,0,0
BRDA:10,1,0,0
BRDA:10,1,1,0
BRDA:48,2,0,0
BRF:4
BRH:0
end_of_record
